C:\USERS\JOSEF\DOCUMENTS\VISUAL STUDIO 2010\PROJECTS\GG\TREESEARCH\DEBUG\TREESEARCH.EXE
C:\USERS\JOSEF\DOCUMENTS\VISUAL STUDIO 2010\PROJECTS\GG\TREESEARCH\DEBUG\TREESEARCH.ILK
C:\USERS\JOSEF\DOCUMENTS\VISUAL STUDIO 2010\PROJECTS\GG\TREESEARCH\DEBUG\TREESEARCH.PDB
C:\Users\josef\Documents\Visual Studio 2010\Projects\gg\TREEsearch\TREEsearch\Debug\cl.command.1.tlog
C:\Users\josef\Documents\Visual Studio 2010\Projects\gg\TREEsearch\TREEsearch\Debug\CL.read.1.tlog
C:\Users\josef\Documents\Visual Studio 2010\Projects\gg\TREEsearch\TREEsearch\Debug\CL.write.1.tlog
C:\Users\josef\Documents\Visual Studio 2010\Projects\gg\TREEsearch\TREEsearch\Debug\link.10072.read.1.tlog
C:\Users\josef\Documents\Visual Studio 2010\Projects\gg\TREEsearch\TREEsearch\Debug\link.10072.write.1.tlog
C:\Users\josef\Documents\Visual Studio 2010\Projects\gg\TREEsearch\TREEsearch\Debug\link.10072-cvtres.read.1.tlog
C:\Users\josef\Documents\Visual Studio 2010\Projects\gg\TREEsearch\TREEsearch\Debug\link.10072-cvtres.write.1.tlog
C:\Users\josef\Documents\Visual Studio 2010\Projects\gg\TREEsearch\TREEsearch\Debug\link.13328.read.1.tlog
C:\Users\josef\Documents\Visual Studio 2010\Projects\gg\TREEsearch\TREEsearch\Debug\link.13328.write.1.tlog
C:\Users\josef\Documents\Visual Studio 2010\Projects\gg\TREEsearch\TREEsearch\Debug\link.13328-cvtres.read.1.tlog
C:\Users\josef\Documents\Visual Studio 2010\Projects\gg\TREEsearch\TREEsearch\Debug\link.13328-cvtres.write.1.tlog
C:\Users\josef\Documents\Visual Studio 2010\Projects\gg\TREEsearch\TREEsearch\Debug\link.13796.read.1.tlog
C:\Users\josef\Documents\Visual Studio 2010\Projects\gg\TREEsearch\TREEsearch\Debug\link.13796.write.1.tlog
C:\Users\josef\Documents\Visual Studio 2010\Projects\gg\TREEsearch\TREEsearch\Debug\link.13796-cvtres.read.1.tlog
C:\Users\josef\Documents\Visual Studio 2010\Projects\gg\TREEsearch\TREEsearch\Debug\link.13796-cvtres.write.1.tlog
C:\Users\josef\Documents\Visual Studio 2010\Projects\gg\TREEsearch\TREEsearch\Debug\link.14040.read.1.tlog
C:\Users\josef\Documents\Visual Studio 2010\Projects\gg\TREEsearch\TREEsearch\Debug\link.14040.write.1.tlog
C:\Users\josef\Documents\Visual Studio 2010\Projects\gg\TREEsearch\TREEsearch\Debug\link.14040-cvtres.read.1.tlog
C:\Users\josef\Documents\Visual Studio 2010\Projects\gg\TREEsearch\TREEsearch\Debug\link.14040-cvtres.write.1.tlog
C:\Users\josef\Documents\Visual Studio 2010\Projects\gg\TREEsearch\TREEsearch\Debug\link.14180.read.1.tlog
C:\Users\josef\Documents\Visual Studio 2010\Projects\gg\TREEsearch\TREEsearch\Debug\link.14180.write.1.tlog
C:\Users\josef\Documents\Visual Studio 2010\Projects\gg\TREEsearch\TREEsearch\Debug\link.14180-cvtres.read.1.tlog
C:\Users\josef\Documents\Visual Studio 2010\Projects\gg\TREEsearch\TREEsearch\Debug\link.14180-cvtres.write.1.tlog
C:\Users\josef\Documents\Visual Studio 2010\Projects\gg\TREEsearch\TREEsearch\Debug\link.14256.read.1.tlog
C:\Users\josef\Documents\Visual Studio 2010\Projects\gg\TREEsearch\TREEsearch\Debug\link.14256.write.1.tlog
C:\Users\josef\Documents\Visual Studio 2010\Projects\gg\TREEsearch\TREEsearch\Debug\link.14256-cvtres.read.1.tlog
C:\Users\josef\Documents\Visual Studio 2010\Projects\gg\TREEsearch\TREEsearch\Debug\link.14256-cvtres.write.1.tlog
C:\Users\josef\Documents\Visual Studio 2010\Projects\gg\TREEsearch\TREEsearch\Debug\link.14940.read.1.tlog
C:\Users\josef\Documents\Visual Studio 2010\Projects\gg\TREEsearch\TREEsearch\Debug\link.14940.write.1.tlog
C:\Users\josef\Documents\Visual Studio 2010\Projects\gg\TREEsearch\TREEsearch\Debug\link.14940-cvtres.read.1.tlog
C:\Users\josef\Documents\Visual Studio 2010\Projects\gg\TREEsearch\TREEsearch\Debug\link.14940-cvtres.write.1.tlog
C:\Users\josef\Documents\Visual Studio 2010\Projects\gg\TREEsearch\TREEsearch\Debug\link.15056.read.1.tlog
C:\Users\josef\Documents\Visual Studio 2010\Projects\gg\TREEsearch\TREEsearch\Debug\link.15056.write.1.tlog
C:\Users\josef\Documents\Visual Studio 2010\Projects\gg\TREEsearch\TREEsearch\Debug\link.15056-cvtres.read.1.tlog
C:\Users\josef\Documents\Visual Studio 2010\Projects\gg\TREEsearch\TREEsearch\Debug\link.15056-cvtres.write.1.tlog
C:\Users\josef\Documents\Visual Studio 2010\Projects\gg\TREEsearch\TREEsearch\Debug\link.2924.read.1.tlog
C:\Users\josef\Documents\Visual Studio 2010\Projects\gg\TREEsearch\TREEsearch\Debug\link.2924.write.1.tlog
C:\Users\josef\Documents\Visual Studio 2010\Projects\gg\TREEsearch\TREEsearch\Debug\link.2924-cvtres.read.1.tlog
C:\Users\josef\Documents\Visual Studio 2010\Projects\gg\TREEsearch\TREEsearch\Debug\link.2924-cvtres.write.1.tlog
C:\Users\josef\Documents\Visual Studio 2010\Projects\gg\TREEsearch\TREEsearch\Debug\link.3488.read.1.tlog
C:\Users\josef\Documents\Visual Studio 2010\Projects\gg\TREEsearch\TREEsearch\Debug\link.3488.write.1.tlog
C:\Users\josef\Documents\Visual Studio 2010\Projects\gg\TREEsearch\TREEsearch\Debug\link.3488-cvtres.read.1.tlog
C:\Users\josef\Documents\Visual Studio 2010\Projects\gg\TREEsearch\TREEsearch\Debug\link.3488-cvtres.write.1.tlog
C:\Users\josef\Documents\Visual Studio 2010\Projects\gg\TREEsearch\TREEsearch\Debug\link.6056.read.1.tlog
C:\Users\josef\Documents\Visual Studio 2010\Projects\gg\TREEsearch\TREEsearch\Debug\link.6056.write.1.tlog
C:\Users\josef\Documents\Visual Studio 2010\Projects\gg\TREEsearch\TREEsearch\Debug\link.6056-cvtres.read.1.tlog
C:\Users\josef\Documents\Visual Studio 2010\Projects\gg\TREEsearch\TREEsearch\Debug\link.6056-cvtres.write.1.tlog
C:\Users\josef\Documents\Visual Studio 2010\Projects\gg\TREEsearch\TREEsearch\Debug\link.6436.read.1.tlog
C:\Users\josef\Documents\Visual Studio 2010\Projects\gg\TREEsearch\TREEsearch\Debug\link.6436.write.1.tlog
C:\Users\josef\Documents\Visual Studio 2010\Projects\gg\TREEsearch\TREEsearch\Debug\link.6436-cvtres.read.1.tlog
C:\Users\josef\Documents\Visual Studio 2010\Projects\gg\TREEsearch\TREEsearch\Debug\link.6436-cvtres.write.1.tlog
C:\Users\josef\Documents\Visual Studio 2010\Projects\gg\TREEsearch\TREEsearch\Debug\link.6736.read.1.tlog
C:\Users\josef\Documents\Visual Studio 2010\Projects\gg\TREEsearch\TREEsearch\Debug\link.6736.write.1.tlog
C:\Users\josef\Documents\Visual Studio 2010\Projects\gg\TREEsearch\TREEsearch\Debug\link.6736-cvtres.read.1.tlog
C:\Users\josef\Documents\Visual Studio 2010\Projects\gg\TREEsearch\TREEsearch\Debug\link.6736-cvtres.write.1.tlog
C:\Users\josef\Documents\Visual Studio 2010\Projects\gg\TREEsearch\TREEsearch\Debug\link.7188.read.1.tlog
C:\Users\josef\Documents\Visual Studio 2010\Projects\gg\TREEsearch\TREEsearch\Debug\link.7188.write.1.tlog
C:\Users\josef\Documents\Visual Studio 2010\Projects\gg\TREEsearch\TREEsearch\Debug\link.7188-cvtres.read.1.tlog
C:\Users\josef\Documents\Visual Studio 2010\Projects\gg\TREEsearch\TREEsearch\Debug\link.7188-cvtres.write.1.tlog
C:\Users\josef\Documents\Visual Studio 2010\Projects\gg\TREEsearch\TREEsearch\Debug\link.7860.read.1.tlog
C:\Users\josef\Documents\Visual Studio 2010\Projects\gg\TREEsearch\TREEsearch\Debug\link.7860.write.1.tlog
C:\Users\josef\Documents\Visual Studio 2010\Projects\gg\TREEsearch\TREEsearch\Debug\link.7860-cvtres.read.1.tlog
C:\Users\josef\Documents\Visual Studio 2010\Projects\gg\TREEsearch\TREEsearch\Debug\link.7860-cvtres.write.1.tlog
C:\Users\josef\Documents\Visual Studio 2010\Projects\gg\TREEsearch\TREEsearch\Debug\link.7872.read.1.tlog
C:\Users\josef\Documents\Visual Studio 2010\Projects\gg\TREEsearch\TREEsearch\Debug\link.7872.write.1.tlog
C:\Users\josef\Documents\Visual Studio 2010\Projects\gg\TREEsearch\TREEsearch\Debug\link.7872-cvtres.read.1.tlog
C:\Users\josef\Documents\Visual Studio 2010\Projects\gg\TREEsearch\TREEsearch\Debug\link.7872-cvtres.write.1.tlog
C:\Users\josef\Documents\Visual Studio 2010\Projects\gg\TREEsearch\TREEsearch\Debug\link.8660.read.1.tlog
C:\Users\josef\Documents\Visual Studio 2010\Projects\gg\TREEsearch\TREEsearch\Debug\link.8660.write.1.tlog
C:\Users\josef\Documents\Visual Studio 2010\Projects\gg\TREEsearch\TREEsearch\Debug\link.8660-cvtres.read.1.tlog
C:\Users\josef\Documents\Visual Studio 2010\Projects\gg\TREEsearch\TREEsearch\Debug\link.8660-cvtres.write.1.tlog
C:\Users\josef\Documents\Visual Studio 2010\Projects\gg\TREEsearch\TREEsearch\Debug\link.9116.read.1.tlog
C:\Users\josef\Documents\Visual Studio 2010\Projects\gg\TREEsearch\TREEsearch\Debug\link.9116.write.1.tlog
C:\Users\josef\Documents\Visual Studio 2010\Projects\gg\TREEsearch\TREEsearch\Debug\link.9116-cvtres.read.1.tlog
C:\Users\josef\Documents\Visual Studio 2010\Projects\gg\TREEsearch\TREEsearch\Debug\link.9116-cvtres.write.1.tlog
C:\Users\josef\Documents\Visual Studio 2010\Projects\gg\TREEsearch\TREEsearch\Debug\link.command.1.tlog
C:\Users\josef\Documents\Visual Studio 2010\Projects\gg\TREEsearch\TREEsearch\Debug\link.read.1.tlog
C:\Users\josef\Documents\Visual Studio 2010\Projects\gg\TREEsearch\TREEsearch\Debug\link.write.1.tlog
C:\Users\josef\Documents\Visual Studio 2010\Projects\gg\TREEsearch\TREEsearch\Debug\link-cvtres.read.1.tlog
C:\Users\josef\Documents\Visual Studio 2010\Projects\gg\TREEsearch\TREEsearch\Debug\link-cvtres.write.1.tlog
C:\Users\josef\Documents\Visual Studio 2010\Projects\gg\TREEsearch\TREEsearch\Debug\mt.command.1.tlog
C:\Users\josef\Documents\Visual Studio 2010\Projects\gg\TREEsearch\TREEsearch\Debug\mt.read.1.tlog
C:\Users\josef\Documents\Visual Studio 2010\Projects\gg\TREEsearch\TREEsearch\Debug\mt.write.1.tlog
C:\USERS\JOSEF\DOCUMENTS\VISUAL STUDIO 2010\PROJECTS\GG\TREESEARCH\TREESEARCH\DEBUG\NODE.OBJ
C:\Users\josef\Documents\Visual Studio 2010\Projects\gg\TREEsearch\TREEsearch\Debug\rc.command.1.tlog
C:\Users\josef\Documents\Visual Studio 2010\Projects\gg\TREEsearch\TREEsearch\Debug\rc.read.1.tlog
C:\Users\josef\Documents\Visual Studio 2010\Projects\gg\TREEsearch\TREEsearch\Debug\rc.write.1.tlog
C:\USERS\JOSEF\DOCUMENTS\VISUAL STUDIO 2010\PROJECTS\GG\TREESEARCH\TREESEARCH\DEBUG\TEST.OBJ
C:\USERS\JOSEF\DOCUMENTS\VISUAL STUDIO 2010\PROJECTS\GG\TREESEARCH\TREESEARCH\DEBUG\TREE.OBJ
C:\USERS\JOSEF\DOCUMENTS\VISUAL STUDIO 2010\PROJECTS\GG\TREESEARCH\TREESEARCH\DEBUG\TREESEARCH.EXE.EMBED.MANIFEST
C:\USERS\JOSEF\DOCUMENTS\VISUAL STUDIO 2010\PROJECTS\GG\TREESEARCH\TREESEARCH\DEBUG\TREESEARCH.EXE.EMBED.MANIFEST.RES
C:\USERS\JOSEF\DOCUMENTS\VISUAL STUDIO 2010\PROJECTS\GG\TREESEARCH\TREESEARCH\DEBUG\TREESEARCH.EXE.INTERMEDIATE.MANIFEST
C:\Users\josef\Documents\Visual Studio 2010\Projects\gg\TREEsearch\TREEsearch\Debug\TREEsearch.vcxprojResolveAssemblyReference.cache
C:\Users\josef\Documents\Visual Studio 2010\Projects\gg\TREEsearch\TREEsearch\Debug\TREEsearch.write.1.tlog
C:\Users\josef\Documents\Visual Studio 2010\Projects\gg\TREEsearch\TREEsearch\Debug\TREEsearch_manifest.rc
C:\Users\josef\Documents\Visual Studio 2010\Projects\gg\TREEsearch\TREEsearch\Debug\vc100.idb
C:\USERS\JOSEF\DOCUMENTS\VISUAL STUDIO 2010\PROJECTS\GG\TREESEARCH\TREESEARCH\DEBUG\VC100.PDB
