Build started 12/30/2017 4:33:18 PM.
     1>Project "C:\Users\josef\Documents\Visual Studio 2010\Projects\gg\TREEsearch\TREEsearch\TREEsearch.vcxproj" on node 2 (build target(s)).
     1>InitializeBuildStatus:
         Creating "Debug\TREEsearch.unsuccessfulbuild" because "AlwaysCreate" was specified.
       ClCompile:
         c:\Program Files (x86)\Microsoft Visual Studio 10.0\VC\bin\CL.exe /c /ZI /nologo /W3 /WX- /Od /Oy- /D WIN32 /D _DEBUG /D _CONSOLE /D _UNICODE /D UNICODE /Gm /EHsc /RTC1 /MDd /GS /fp:precise /Zc:wchar_t /Zc:forScope /Fo"Debug\\" /Fd"Debug\vc100.pdb" /Gd /TP /analyze- /errorReport:prompt Node.cpp TEST.cpp Tree.cpp
         TEST.cpp
         Node.cpp
         Generating Code...
         Skipping... (no relevant changes detected)
         Tree.cpp
       ManifestResourceCompile:
         All outputs are up-to-date.
       Link:
         c:\Program Files (x86)\Microsoft Visual Studio 10.0\VC\bin\link.exe /ERRORREPORT:PROMPT /OUT:"C:\Users\josef\Documents\Visual Studio 2010\Projects\gg\TREEsearch\Debug\TREEsearch.exe" /INCREMENTAL /NOLOGO kernel32.lib user32.lib gdi32.lib winspool.lib comdlg32.lib advapi32.lib shell32.lib ole32.lib oleaut32.lib uuid.lib odbc32.lib odbccp32.lib /MANIFEST /ManifestFile:"Debug\TREEsearch.exe.intermediate.manifest" /MANIFESTUAC:"level='asInvoker' uiAccess='false'" /DEBUG /PDB:"C:\Users\josef\Documents\Visual Studio 2010\Projects\gg\TREEsearch\Debug\TREEsearch.pdb" /SUBSYSTEM:CONSOLE /TLBID:1 /DYNAMICBASE /NXCOMPAT /IMPLIB:"C:\Users\josef\Documents\Visual Studio 2010\Projects\gg\TREEsearch\Debug\TREEsearch.lib" /MACHINE:X86 Debug\TREEsearch.exe.embed.manifest.res
         Debug\Node.obj
         Debug\TEST.obj
         Debug\Tree.obj
       Manifest:
         c:\Program Files (x86)\Microsoft SDKs\Windows\v7.0A\bin\mt.exe /nologo /verbose /out:"Debug\TREEsearch.exe.embed.manifest" /manifest Debug\TREEsearch.exe.intermediate.manifest
         All outputs are up-to-date.
       LinkEmbedManifest:
         All outputs are up-to-date.
         TREEsearch.vcxproj -> C:\Users\josef\Documents\Visual Studio 2010\Projects\gg\TREEsearch\Debug\TREEsearch.exe
       FinalizeBuildStatus:
         Deleting file "Debug\TREEsearch.unsuccessfulbuild".
         Touching "Debug\TREEsearch.lastbuildstate".
     1>Done Building Project "C:\Users\josef\Documents\Visual Studio 2010\Projects\gg\TREEsearch\TREEsearch\TREEsearch.vcxproj" (build target(s)).

Build succeeded.

Time Elapsed 00:00:01.47
